<?xml version="1.0" encoding="UTF-8"?>
<testsuite xmlns:xsi="http://www.w3.org/2001/XMLSchema-instance" xsi:noNamespaceSchemaLocation="https://maven.apache.org/surefire/maven-surefire-plugin/xsd/surefire-test-report.xsd" name="BackendApplicationTests" time="0.077" tests="1" errors="0" skipped="0" failures="0">
  <properties>
    <property name="java.specification.version" value="17"/>
    <property name="sun.jnu.encoding" value="UTF-8"/>
    <property name="java.class.path" value="/Users/titie/Desktop/backend/target/test-classes:/Users/titie/Desktop/backend/target/classes:/Users/titie/.m2/repository/org/springframework/boot/spring-boot-starter-data-rest/2.6.1-SNAPSHOT/spring-boot-starter-data-rest-2.6.1-SNAPSHOT.jar:/Users/titie/.m2/repository/org/springframework/data/spring-data-rest-webmvc/3.6.0/spring-data-rest-webmvc-3.6.0.jar:/Users/titie/.m2/repository/org/springframework/data/spring-data-rest-core/3.6.0/spring-data-rest-core-3.6.0.jar:/Users/titie/.m2/repository/org/springframework/spring-tx/5.3.13/spring-tx-5.3.13.jar:/Users/titie/.m2/repository/org/springframework/hateoas/spring-hateoas/1.4.0/spring-hateoas-1.4.0.jar:/Users/titie/.m2/repository/org/springframework/data/spring-data-commons/2.6.0/spring-data-commons-2.6.0.jar:/Users/titie/.m2/repository/org/springframework/plugin/spring-plugin-core/2.0.0.RELEASE/spring-plugin-core-2.0.0.RELEASE.jar:/Users/titie/.m2/repository/org/atteo/evo-inflector/1.3/evo-inflector-1.3.jar:/Users/titie/.m2/repository/com/fasterxml/jackson/core/jackson-databind/2.13.0/jackson-databind-2.13.0.jar:/Users/titie/.m2/repository/com/fasterxml/jackson/core/jackson-core/2.13.0/jackson-core-2.13.0.jar:/Users/titie/.m2/repository/com/fasterxml/jackson/core/jackson-annotations/2.13.0/jackson-annotations-2.13.0.jar:/Users/titie/.m2/repository/org/slf4j/slf4j-api/1.7.32/slf4j-api-1.7.32.jar:/Users/titie/.m2/repository/org/springframework/boot/spring-boot-starter-thymeleaf/2.6.1-SNAPSHOT/spring-boot-starter-thymeleaf-2.6.1-SNAPSHOT.jar:/Users/titie/.m2/repository/org/springframework/boot/spring-boot-starter/2.6.1-SNAPSHOT/spring-boot-starter-2.6.1-SNAPSHOT.jar:/Users/titie/.m2/repository/org/springframework/boot/spring-boot-starter-logging/2.6.1-SNAPSHOT/spring-boot-starter-logging-2.6.1-SNAPSHOT.jar:/Users/titie/.m2/repository/ch/qos/logback/logback-classic/1.2.7/logback-classic-1.2.7.jar:/Users/titie/.m2/repository/ch/qos/logback/logback-core/1.2.7/logback-core-1.2.7.jar:/Users/titie/.m2/repository/org/apache/logging/log4j/log4j-to-slf4j/2.14.1/log4j-to-slf4j-2.14.1.jar:/Users/titie/.m2/repository/org/apache/logging/log4j/log4j-api/2.14.1/log4j-api-2.14.1.jar:/Users/titie/.m2/repository/org/slf4j/jul-to-slf4j/1.7.32/jul-to-slf4j-1.7.32.jar:/Users/titie/.m2/repository/jakarta/annotation/jakarta.annotation-api/1.3.5/jakarta.annotation-api-1.3.5.jar:/Users/titie/.m2/repository/org/yaml/snakeyaml/1.29/snakeyaml-1.29.jar:/Users/titie/.m2/repository/org/thymeleaf/thymeleaf-spring5/3.0.12.RELEASE/thymeleaf-spring5-3.0.12.RELEASE.jar:/Users/titie/.m2/repository/org/thymeleaf/thymeleaf/3.0.12.RELEASE/thymeleaf-3.0.12.RELEASE.jar:/Users/titie/.m2/repository/org/attoparser/attoparser/2.0.5.RELEASE/attoparser-2.0.5.RELEASE.jar:/Users/titie/.m2/repository/org/unbescape/unbescape/1.1.6.RELEASE/unbescape-1.1.6.RELEASE.jar:/Users/titie/.m2/repository/org/thymeleaf/extras/thymeleaf-extras-java8time/3.0.4.RELEASE/thymeleaf-extras-java8time-3.0.4.RELEASE.jar:/Users/titie/.m2/repository/org/springframework/boot/spring-boot-starter-web/2.6.1-SNAPSHOT/spring-boot-starter-web-2.6.1-SNAPSHOT.jar:/Users/titie/.m2/repository/org/springframework/boot/spring-boot-starter-json/2.6.1-SNAPSHOT/spring-boot-starter-json-2.6.1-SNAPSHOT.jar:/Users/titie/.m2/repository/com/fasterxml/jackson/datatype/jackson-datatype-jdk8/2.13.0/jackson-datatype-jdk8-2.13.0.jar:/Users/titie/.m2/repository/com/fasterxml/jackson/datatype/jackson-datatype-jsr310/2.13.0/jackson-datatype-jsr310-2.13.0.jar:/Users/titie/.m2/repository/com/fasterxml/jackson/module/jackson-module-parameter-names/2.13.0/jackson-module-parameter-names-2.13.0.jar:/Users/titie/.m2/repository/org/springframework/boot/spring-boot-starter-tomcat/2.6.1-SNAPSHOT/spring-boot-starter-tomcat-2.6.1-SNAPSHOT.jar:/Users/titie/.m2/repository/org/apache/tomcat/embed/tomcat-embed-core/9.0.55/tomcat-embed-core-9.0.55.jar:/Users/titie/.m2/repository/org/apache/tomcat/embed/tomcat-embed-el/9.0.55/tomcat-embed-el-9.0.55.jar:/Users/titie/.m2/repository/org/apache/tomcat/embed/tomcat-embed-websocket/9.0.55/tomcat-embed-websocket-9.0.55.jar:/Users/titie/.m2/repository/org/springframework/spring-web/5.3.13/spring-web-5.3.13.jar:/Users/titie/.m2/repository/org/springframework/spring-beans/5.3.13/spring-beans-5.3.13.jar:/Users/titie/.m2/repository/org/springframework/spring-webmvc/5.3.13/spring-webmvc-5.3.13.jar:/Users/titie/.m2/repository/org/springframework/spring-aop/5.3.13/spring-aop-5.3.13.jar:/Users/titie/.m2/repository/org/springframework/spring-context/5.3.13/spring-context-5.3.13.jar:/Users/titie/.m2/repository/org/springframework/spring-expression/5.3.13/spring-expression-5.3.13.jar:/Users/titie/.m2/repository/org/springframework/boot/spring-boot-starter-webflux/2.6.1-SNAPSHOT/spring-boot-starter-webflux-2.6.1-SNAPSHOT.jar:/Users/titie/.m2/repository/org/springframework/boot/spring-boot-starter-reactor-netty/2.6.1-SNAPSHOT/spring-boot-starter-reactor-netty-2.6.1-SNAPSHOT.jar:/Users/titie/.m2/repository/io/projectreactor/netty/reactor-netty-http/1.0.13/reactor-netty-http-1.0.13.jar:/Users/titie/.m2/repository/io/netty/netty-codec-http/4.1.70.Final/netty-codec-http-4.1.70.Final.jar:/Users/titie/.m2/repository/io/netty/netty-common/4.1.70.Final/netty-common-4.1.70.Final.jar:/Users/titie/.m2/repository/io/netty/netty-buffer/4.1.70.Final/netty-buffer-4.1.70.Final.jar:/Users/titie/.m2/repository/io/netty/netty-transport/4.1.70.Final/netty-transport-4.1.70.Final.jar:/Users/titie/.m2/repository/io/netty/netty-codec/4.1.70.Final/netty-codec-4.1.70.Final.jar:/Users/titie/.m2/repository/io/netty/netty-handler/4.1.70.Final/netty-handler-4.1.70.Final.jar:/Users/titie/.m2/repository/io/netty/netty-codec-http2/4.1.70.Final/netty-codec-http2-4.1.70.Final.jar:/Users/titie/.m2/repository/io/netty/netty-resolver-dns/4.1.70.Final/netty-resolver-dns-4.1.70.Final.jar:/Users/titie/.m2/repository/io/netty/netty-resolver/4.1.70.Final/netty-resolver-4.1.70.Final.jar:/Users/titie/.m2/repository/io/netty/netty-codec-dns/4.1.70.Final/netty-codec-dns-4.1.70.Final.jar:/Users/titie/.m2/repository/io/netty/netty-resolver-dns-native-macos/4.1.70.Final/netty-resolver-dns-native-macos-4.1.70.Final-osx-x86_64.jar:/Users/titie/.m2/repository/io/netty/netty-resolver-dns-classes-macos/4.1.70.Final/netty-resolver-dns-classes-macos-4.1.70.Final.jar:/Users/titie/.m2/repository/io/netty/netty-transport-native-epoll/4.1.70.Final/netty-transport-native-epoll-4.1.70.Final-linux-x86_64.jar:/Users/titie/.m2/repository/io/netty/netty-transport-native-unix-common/4.1.70.Final/netty-transport-native-unix-common-4.1.70.Final.jar:/Users/titie/.m2/repository/io/netty/netty-transport-classes-epoll/4.1.70.Final/netty-transport-classes-epoll-4.1.70.Final.jar:/Users/titie/.m2/repository/io/projectreactor/netty/reactor-netty-core/1.0.13/reactor-netty-core-1.0.13.jar:/Users/titie/.m2/repository/io/netty/netty-handler-proxy/4.1.70.Final/netty-handler-proxy-4.1.70.Final.jar:/Users/titie/.m2/repository/io/netty/netty-codec-socks/4.1.70.Final/netty-codec-socks-4.1.70.Final.jar:/Users/titie/.m2/repository/org/springframework/spring-webflux/5.3.13/spring-webflux-5.3.13.jar:/Users/titie/.m2/repository/org/springframework/session/spring-session-core/2.6.0/spring-session-core-2.6.0.jar:/Users/titie/.m2/repository/org/springframework/spring-jcl/5.3.13/spring-jcl-5.3.13.jar:/Users/titie/.m2/repository/org/springframework/boot/spring-boot-devtools/2.6.1-SNAPSHOT/spring-boot-devtools-2.6.1-SNAPSHOT.jar:/Users/titie/.m2/repository/org/springframework/boot/spring-boot/2.6.1-SNAPSHOT/spring-boot-2.6.1-SNAPSHOT.jar:/Users/titie/.m2/repository/org/springframework/boot/spring-boot-autoconfigure/2.6.1-SNAPSHOT/spring-boot-autoconfigure-2.6.1-SNAPSHOT.jar:/Users/titie/.m2/repository/io/projectreactor/reactor-test/3.4.12/reactor-test-3.4.12.jar:/Users/titie/.m2/repository/io/projectreactor/reactor-core/3.4.12/reactor-core-3.4.12.jar:/Users/titie/.m2/repository/org/reactivestreams/reactive-streams/1.0.3/reactive-streams-1.0.3.jar:/Users/titie/.m2/repository/org/springframework/boot/spring-boot-starter-test/2.6.1-SNAPSHOT/spring-boot-starter-test-2.6.1-SNAPSHOT.jar:/Users/titie/.m2/repository/org/springframework/boot/spring-boot-test/2.6.1-SNAPSHOT/spring-boot-test-2.6.1-SNAPSHOT.jar:/Users/titie/.m2/repository/org/springframework/boot/spring-boot-test-autoconfigure/2.6.1-SNAPSHOT/spring-boot-test-autoconfigure-2.6.1-SNAPSHOT.jar:/Users/titie/.m2/repository/com/jayway/jsonpath/json-path/2.6.0/json-path-2.6.0.jar:/Users/titie/.m2/repository/net/minidev/json-smart/2.4.7/json-smart-2.4.7.jar:/Users/titie/.m2/repository/net/minidev/accessors-smart/2.4.7/accessors-smart-2.4.7.jar:/Users/titie/.m2/repository/org/ow2/asm/asm/9.1/asm-9.1.jar:/Users/titie/.m2/repository/jakarta/xml/bind/jakarta.xml.bind-api/2.3.3/jakarta.xml.bind-api-2.3.3.jar:/Users/titie/.m2/repository/jakarta/activation/jakarta.activation-api/1.2.2/jakarta.activation-api-1.2.2.jar:/Users/titie/.m2/repository/org/assertj/assertj-core/3.21.0/assertj-core-3.21.0.jar:/Users/titie/.m2/repository/org/hamcrest/hamcrest/2.2/hamcrest-2.2.jar:/Users/titie/.m2/repository/org/junit/jupiter/junit-jupiter/5.8.1/junit-jupiter-5.8.1.jar:/Users/titie/.m2/repository/org/junit/jupiter/junit-jupiter-api/5.8.1/junit-jupiter-api-5.8.1.jar:/Users/titie/.m2/repository/org/opentest4j/opentest4j/1.2.0/opentest4j-1.2.0.jar:/Users/titie/.m2/repository/org/junit/platform/junit-platform-commons/1.8.1/junit-platform-commons-1.8.1.jar:/Users/titie/.m2/repository/org/apiguardian/apiguardian-api/1.1.2/apiguardian-api-1.1.2.jar:/Users/titie/.m2/repository/org/junit/jupiter/junit-jupiter-params/5.8.1/junit-jupiter-params-5.8.1.jar:/Users/titie/.m2/repository/org/junit/jupiter/junit-jupiter-engine/5.8.1/junit-jupiter-engine-5.8.1.jar:/Users/titie/.m2/repository/org/junit/platform/junit-platform-engine/1.8.1/junit-platform-engine-1.8.1.jar:/Users/titie/.m2/repository/org/mockito/mockito-core/4.0.0/mockito-core-4.0.0.jar:/Users/titie/.m2/repository/net/bytebuddy/byte-buddy/1.11.22/byte-buddy-1.11.22.jar:/Users/titie/.m2/repository/net/bytebuddy/byte-buddy-agent/1.11.22/byte-buddy-agent-1.11.22.jar:/Users/titie/.m2/repository/org/objenesis/objenesis/3.2/objenesis-3.2.jar:/Users/titie/.m2/repository/org/mockito/mockito-junit-jupiter/4.0.0/mockito-junit-jupiter-4.0.0.jar:/Users/titie/.m2/repository/org/skyscreamer/jsonassert/1.5.0/jsonassert-1.5.0.jar:/Users/titie/.m2/repository/com/vaadin/external/google/android-json/0.0.20131108.vaadin1/android-json-0.0.20131108.vaadin1.jar:/Users/titie/.m2/repository/org/springframework/spring-core/5.3.13/spring-core-5.3.13.jar:/Users/titie/.m2/repository/org/springframework/spring-test/5.3.13/spring-test-5.3.13.jar:/Users/titie/.m2/repository/org/xmlunit/xmlunit-core/2.8.3/xmlunit-core-2.8.3.jar:/Users/titie/.m2/repository/com/google/cloud/google-cloud-language/1.25.0/google-cloud-language-1.25.0.jar:/Users/titie/.m2/repository/com/google/cloud/google-cloud-core/1.25.0/google-cloud-core-1.25.0.jar:/Users/titie/.m2/repository/com/google/guava/guava/20.0/guava-20.0.jar:/Users/titie/.m2/repository/joda-time/joda-time/2.9.2/joda-time-2.9.2.jar:/Users/titie/.m2/repository/com/google/api/api-common/1.5.0/api-common-1.5.0.jar:/Users/titie/.m2/repository/com/google/api/gax/1.23.0/gax-1.23.0.jar:/Users/titie/.m2/repository/org/threeten/threetenbp/1.3.3/threetenbp-1.3.3.jar:/Users/titie/.m2/repository/com/google/auth/google-auth-library-oauth2-http/0.9.0/google-auth-library-oauth2-http-0.9.0.jar:/Users/titie/.m2/repository/com/google/protobuf/protobuf-java-util/3.5.1/protobuf-java-util-3.5.1.jar:/Users/titie/.m2/repository/com/google/code/gson/gson/2.8.9/gson-2.8.9.jar:/Users/titie/.m2/repository/com/google/api/grpc/proto-google-common-protos/1.7.0/proto-google-common-protos-1.7.0.jar:/Users/titie/.m2/repository/com/google/api/grpc/proto-google-iam-v1/0.8.0/proto-google-iam-v1-0.8.0.jar:/Users/titie/.m2/repository/com/google/cloud/google-cloud-core-grpc/1.25.0/google-cloud-core-grpc-1.25.0.jar:/Users/titie/.m2/repository/com/google/auth/google-auth-library-credentials/0.9.0/google-auth-library-credentials-0.9.0.jar:/Users/titie/.m2/repository/com/google/protobuf/protobuf-java/3.5.1/protobuf-java-3.5.1.jar:/Users/titie/.m2/repository/io/grpc/grpc-protobuf/1.10.1/grpc-protobuf-1.10.1.jar:/Users/titie/.m2/repository/io/grpc/grpc-protobuf-lite/1.10.1/grpc-protobuf-lite-1.10.1.jar:/Users/titie/.m2/repository/io/grpc/grpc-context/1.10.1/grpc-context-1.10.1.jar:/Users/titie/.m2/repository/com/google/api/gax-grpc/1.23.0/gax-grpc-1.23.0.jar:/Users/titie/.m2/repository/com/google/api/grpc/proto-google-cloud-language-v1/1.7.0/proto-google-cloud-language-v1-1.7.0.jar:/Users/titie/.m2/repository/com/google/api/grpc/proto-google-cloud-language-v1beta2/0.8.0/proto-google-cloud-language-v1beta2-0.8.0.jar:/Users/titie/.m2/repository/io/grpc/grpc-netty-shaded/1.10.1/grpc-netty-shaded-1.10.1.jar:/Users/titie/.m2/repository/io/grpc/grpc-core/1.10.1/grpc-core-1.10.1.jar:/Users/titie/.m2/repository/com/google/errorprone/error_prone_annotations/2.1.2/error_prone_annotations-2.1.2.jar:/Users/titie/.m2/repository/io/opencensus/opencensus-api/0.11.0/opencensus-api-0.11.0.jar:/Users/titie/.m2/repository/io/opencensus/opencensus-contrib-grpc-metrics/0.11.0/opencensus-contrib-grpc-metrics-0.11.0.jar:/Users/titie/.m2/repository/io/grpc/grpc-stub/1.10.1/grpc-stub-1.10.1.jar:/Users/titie/.m2/repository/io/grpc/grpc-auth/1.10.1/grpc-auth-1.10.1.jar:/Users/titie/.m2/repository/org/json/json/20211205/json-20211205.jar:/Users/titie/.m2/repository/com/google/apis/google-api-services-storage/v1-rev82-1.22.0/google-api-services-storage-v1-rev82-1.22.0.jar:/Users/titie/.m2/repository/com/google/api-client/google-api-client/1.22.0/google-api-client-1.22.0.jar:/Users/titie/.m2/repository/com/google/oauth-client/google-oauth-client/1.22.0/google-oauth-client-1.22.0.jar:/Users/titie/.m2/repository/com/google/http-client/google-http-client-jackson2/1.22.0/google-http-client-jackson2-1.22.0.jar:/Users/titie/.m2/repository/com/google/guava/guava-jdk5/17.0/guava-jdk5-17.0.jar:/Users/titie/.m2/repository/com/google/http-client/google-http-client/1.25.0/google-http-client-1.25.0.jar:/Users/titie/.m2/repository/com/google/code/findbugs/jsr305/3.0.2/jsr305-3.0.2.jar:/Users/titie/.m2/repository/org/apache/httpcomponents/httpclient/4.5.13/httpclient-4.5.13.jar:/Users/titie/.m2/repository/org/apache/httpcomponents/httpcore/4.4.14/httpcore-4.4.14.jar:/Users/titie/.m2/repository/commons-codec/commons-codec/1.15/commons-codec-1.15.jar:/Users/titie/.m2/repository/com/google/j2objc/j2objc-annotations/1.1/j2objc-annotations-1.1.jar:"/>
    <property name="java.vm.vendor" value="Homebrew"/>
    <property name="sun.arch.data.model" value="64"/>
    <property name="java.vendor.url" value="https://github.com/Homebrew/homebrew-core/issues"/>
    <property name="os.name" value="Mac OS X"/>
    <property name="java.vm.specification.version" value="17"/>
    <property name="sun.java.launcher" value="SUN_STANDARD"/>
    <property name="user.country" value="US"/>
    <property name="sun.boot.library.path" value="/usr/local/Cellar/openjdk/17.0.1_1/libexec/openjdk.jdk/Contents/Home/lib"/>
    <property name="sun.java.command" value="/Users/titie/Desktop/backend/target/surefire/surefirebooter8712212411124651638.jar /Users/titie/Desktop/backend/target/surefire 2022-02-26T13-15-58_618-jvmRun1 surefire7102978077695552752tmp surefire_017845969174939429704tmp"/>
    <property name="jdk.debug" value="release"/>
    <property name="surefire.test.class.path" value="/Users/titie/Desktop/backend/target/test-classes:/Users/titie/Desktop/backend/target/classes:/Users/titie/.m2/repository/org/springframework/boot/spring-boot-starter-data-rest/2.6.1-SNAPSHOT/spring-boot-starter-data-rest-2.6.1-SNAPSHOT.jar:/Users/titie/.m2/repository/org/springframework/data/spring-data-rest-webmvc/3.6.0/spring-data-rest-webmvc-3.6.0.jar:/Users/titie/.m2/repository/org/springframework/data/spring-data-rest-core/3.6.0/spring-data-rest-core-3.6.0.jar:/Users/titie/.m2/repository/org/springframework/spring-tx/5.3.13/spring-tx-5.3.13.jar:/Users/titie/.m2/repository/org/springframework/hateoas/spring-hateoas/1.4.0/spring-hateoas-1.4.0.jar:/Users/titie/.m2/repository/org/springframework/data/spring-data-commons/2.6.0/spring-data-commons-2.6.0.jar:/Users/titie/.m2/repository/org/springframework/plugin/spring-plugin-core/2.0.0.RELEASE/spring-plugin-core-2.0.0.RELEASE.jar:/Users/titie/.m2/repository/org/atteo/evo-inflector/1.3/evo-inflector-1.3.jar:/Users/titie/.m2/repository/com/fasterxml/jackson/core/jackson-databind/2.13.0/jackson-databind-2.13.0.jar:/Users/titie/.m2/repository/com/fasterxml/jackson/core/jackson-core/2.13.0/jackson-core-2.13.0.jar:/Users/titie/.m2/repository/com/fasterxml/jackson/core/jackson-annotations/2.13.0/jackson-annotations-2.13.0.jar:/Users/titie/.m2/repository/org/slf4j/slf4j-api/1.7.32/slf4j-api-1.7.32.jar:/Users/titie/.m2/repository/org/springframework/boot/spring-boot-starter-thymeleaf/2.6.1-SNAPSHOT/spring-boot-starter-thymeleaf-2.6.1-SNAPSHOT.jar:/Users/titie/.m2/repository/org/springframework/boot/spring-boot-starter/2.6.1-SNAPSHOT/spring-boot-starter-2.6.1-SNAPSHOT.jar:/Users/titie/.m2/repository/org/springframework/boot/spring-boot-starter-logging/2.6.1-SNAPSHOT/spring-boot-starter-logging-2.6.1-SNAPSHOT.jar:/Users/titie/.m2/repository/ch/qos/logback/logback-classic/1.2.7/logback-classic-1.2.7.jar:/Users/titie/.m2/repository/ch/qos/logback/logback-core/1.2.7/logback-core-1.2.7.jar:/Users/titie/.m2/repository/org/apache/logging/log4j/log4j-to-slf4j/2.14.1/log4j-to-slf4j-2.14.1.jar:/Users/titie/.m2/repository/org/apache/logging/log4j/log4j-api/2.14.1/log4j-api-2.14.1.jar:/Users/titie/.m2/repository/org/slf4j/jul-to-slf4j/1.7.32/jul-to-slf4j-1.7.32.jar:/Users/titie/.m2/repository/jakarta/annotation/jakarta.annotation-api/1.3.5/jakarta.annotation-api-1.3.5.jar:/Users/titie/.m2/repository/org/yaml/snakeyaml/1.29/snakeyaml-1.29.jar:/Users/titie/.m2/repository/org/thymeleaf/thymeleaf-spring5/3.0.12.RELEASE/thymeleaf-spring5-3.0.12.RELEASE.jar:/Users/titie/.m2/repository/org/thymeleaf/thymeleaf/3.0.12.RELEASE/thymeleaf-3.0.12.RELEASE.jar:/Users/titie/.m2/repository/org/attoparser/attoparser/2.0.5.RELEASE/attoparser-2.0.5.RELEASE.jar:/Users/titie/.m2/repository/org/unbescape/unbescape/1.1.6.RELEASE/unbescape-1.1.6.RELEASE.jar:/Users/titie/.m2/repository/org/thymeleaf/extras/thymeleaf-extras-java8time/3.0.4.RELEASE/thymeleaf-extras-java8time-3.0.4.RELEASE.jar:/Users/titie/.m2/repository/org/springframework/boot/spring-boot-starter-web/2.6.1-SNAPSHOT/spring-boot-starter-web-2.6.1-SNAPSHOT.jar:/Users/titie/.m2/repository/org/springframework/boot/spring-boot-starter-json/2.6.1-SNAPSHOT/spring-boot-starter-json-2.6.1-SNAPSHOT.jar:/Users/titie/.m2/repository/com/fasterxml/jackson/datatype/jackson-datatype-jdk8/2.13.0/jackson-datatype-jdk8-2.13.0.jar:/Users/titie/.m2/repository/com/fasterxml/jackson/datatype/jackson-datatype-jsr310/2.13.0/jackson-datatype-jsr310-2.13.0.jar:/Users/titie/.m2/repository/com/fasterxml/jackson/module/jackson-module-parameter-names/2.13.0/jackson-module-parameter-names-2.13.0.jar:/Users/titie/.m2/repository/org/springframework/boot/spring-boot-starter-tomcat/2.6.1-SNAPSHOT/spring-boot-starter-tomcat-2.6.1-SNAPSHOT.jar:/Users/titie/.m2/repository/org/apache/tomcat/embed/tomcat-embed-core/9.0.55/tomcat-embed-core-9.0.55.jar:/Users/titie/.m2/repository/org/apache/tomcat/embed/tomcat-embed-el/9.0.55/tomcat-embed-el-9.0.55.jar:/Users/titie/.m2/repository/org/apache/tomcat/embed/tomcat-embed-websocket/9.0.55/tomcat-embed-websocket-9.0.55.jar:/Users/titie/.m2/repository/org/springframework/spring-web/5.3.13/spring-web-5.3.13.jar:/Users/titie/.m2/repository/org/springframework/spring-beans/5.3.13/spring-beans-5.3.13.jar:/Users/titie/.m2/repository/org/springframework/spring-webmvc/5.3.13/spring-webmvc-5.3.13.jar:/Users/titie/.m2/repository/org/springframework/spring-aop/5.3.13/spring-aop-5.3.13.jar:/Users/titie/.m2/repository/org/springframework/spring-context/5.3.13/spring-context-5.3.13.jar:/Users/titie/.m2/repository/org/springframework/spring-expression/5.3.13/spring-expression-5.3.13.jar:/Users/titie/.m2/repository/org/springframework/boot/spring-boot-starter-webflux/2.6.1-SNAPSHOT/spring-boot-starter-webflux-2.6.1-SNAPSHOT.jar:/Users/titie/.m2/repository/org/springframework/boot/spring-boot-starter-reactor-netty/2.6.1-SNAPSHOT/spring-boot-starter-reactor-netty-2.6.1-SNAPSHOT.jar:/Users/titie/.m2/repository/io/projectreactor/netty/reactor-netty-http/1.0.13/reactor-netty-http-1.0.13.jar:/Users/titie/.m2/repository/io/netty/netty-codec-http/4.1.70.Final/netty-codec-http-4.1.70.Final.jar:/Users/titie/.m2/repository/io/netty/netty-common/4.1.70.Final/netty-common-4.1.70.Final.jar:/Users/titie/.m2/repository/io/netty/netty-buffer/4.1.70.Final/netty-buffer-4.1.70.Final.jar:/Users/titie/.m2/repository/io/netty/netty-transport/4.1.70.Final/netty-transport-4.1.70.Final.jar:/Users/titie/.m2/repository/io/netty/netty-codec/4.1.70.Final/netty-codec-4.1.70.Final.jar:/Users/titie/.m2/repository/io/netty/netty-handler/4.1.70.Final/netty-handler-4.1.70.Final.jar:/Users/titie/.m2/repository/io/netty/netty-codec-http2/4.1.70.Final/netty-codec-http2-4.1.70.Final.jar:/Users/titie/.m2/repository/io/netty/netty-resolver-dns/4.1.70.Final/netty-resolver-dns-4.1.70.Final.jar:/Users/titie/.m2/repository/io/netty/netty-resolver/4.1.70.Final/netty-resolver-4.1.70.Final.jar:/Users/titie/.m2/repository/io/netty/netty-codec-dns/4.1.70.Final/netty-codec-dns-4.1.70.Final.jar:/Users/titie/.m2/repository/io/netty/netty-resolver-dns-native-macos/4.1.70.Final/netty-resolver-dns-native-macos-4.1.70.Final-osx-x86_64.jar:/Users/titie/.m2/repository/io/netty/netty-resolver-dns-classes-macos/4.1.70.Final/netty-resolver-dns-classes-macos-4.1.70.Final.jar:/Users/titie/.m2/repository/io/netty/netty-transport-native-epoll/4.1.70.Final/netty-transport-native-epoll-4.1.70.Final-linux-x86_64.jar:/Users/titie/.m2/repository/io/netty/netty-transport-native-unix-common/4.1.70.Final/netty-transport-native-unix-common-4.1.70.Final.jar:/Users/titie/.m2/repository/io/netty/netty-transport-classes-epoll/4.1.70.Final/netty-transport-classes-epoll-4.1.70.Final.jar:/Users/titie/.m2/repository/io/projectreactor/netty/reactor-netty-core/1.0.13/reactor-netty-core-1.0.13.jar:/Users/titie/.m2/repository/io/netty/netty-handler-proxy/4.1.70.Final/netty-handler-proxy-4.1.70.Final.jar:/Users/titie/.m2/repository/io/netty/netty-codec-socks/4.1.70.Final/netty-codec-socks-4.1.70.Final.jar:/Users/titie/.m2/repository/org/springframework/spring-webflux/5.3.13/spring-webflux-5.3.13.jar:/Users/titie/.m2/repository/org/springframework/session/spring-session-core/2.6.0/spring-session-core-2.6.0.jar:/Users/titie/.m2/repository/org/springframework/spring-jcl/5.3.13/spring-jcl-5.3.13.jar:/Users/titie/.m2/repository/org/springframework/boot/spring-boot-devtools/2.6.1-SNAPSHOT/spring-boot-devtools-2.6.1-SNAPSHOT.jar:/Users/titie/.m2/repository/org/springframework/boot/spring-boot/2.6.1-SNAPSHOT/spring-boot-2.6.1-SNAPSHOT.jar:/Users/titie/.m2/repository/org/springframework/boot/spring-boot-autoconfigure/2.6.1-SNAPSHOT/spring-boot-autoconfigure-2.6.1-SNAPSHOT.jar:/Users/titie/.m2/repository/io/projectreactor/reactor-test/3.4.12/reactor-test-3.4.12.jar:/Users/titie/.m2/repository/io/projectreactor/reactor-core/3.4.12/reactor-core-3.4.12.jar:/Users/titie/.m2/repository/org/reactivestreams/reactive-streams/1.0.3/reactive-streams-1.0.3.jar:/Users/titie/.m2/repository/org/springframework/boot/spring-boot-starter-test/2.6.1-SNAPSHOT/spring-boot-starter-test-2.6.1-SNAPSHOT.jar:/Users/titie/.m2/repository/org/springframework/boot/spring-boot-test/2.6.1-SNAPSHOT/spring-boot-test-2.6.1-SNAPSHOT.jar:/Users/titie/.m2/repository/org/springframework/boot/spring-boot-test-autoconfigure/2.6.1-SNAPSHOT/spring-boot-test-autoconfigure-2.6.1-SNAPSHOT.jar:/Users/titie/.m2/repository/com/jayway/jsonpath/json-path/2.6.0/json-path-2.6.0.jar:/Users/titie/.m2/repository/net/minidev/json-smart/2.4.7/json-smart-2.4.7.jar:/Users/titie/.m2/repository/net/minidev/accessors-smart/2.4.7/accessors-smart-2.4.7.jar:/Users/titie/.m2/repository/org/ow2/asm/asm/9.1/asm-9.1.jar:/Users/titie/.m2/repository/jakarta/xml/bind/jakarta.xml.bind-api/2.3.3/jakarta.xml.bind-api-2.3.3.jar:/Users/titie/.m2/repository/jakarta/activation/jakarta.activation-api/1.2.2/jakarta.activation-api-1.2.2.jar:/Users/titie/.m2/repository/org/assertj/assertj-core/3.21.0/assertj-core-3.21.0.jar:/Users/titie/.m2/repository/org/hamcrest/hamcrest/2.2/hamcrest-2.2.jar:/Users/titie/.m2/repository/org/junit/jupiter/junit-jupiter/5.8.1/junit-jupiter-5.8.1.jar:/Users/titie/.m2/repository/org/junit/jupiter/junit-jupiter-api/5.8.1/junit-jupiter-api-5.8.1.jar:/Users/titie/.m2/repository/org/opentest4j/opentest4j/1.2.0/opentest4j-1.2.0.jar:/Users/titie/.m2/repository/org/junit/platform/junit-platform-commons/1.8.1/junit-platform-commons-1.8.1.jar:/Users/titie/.m2/repository/org/apiguardian/apiguardian-api/1.1.2/apiguardian-api-1.1.2.jar:/Users/titie/.m2/repository/org/junit/jupiter/junit-jupiter-params/5.8.1/junit-jupiter-params-5.8.1.jar:/Users/titie/.m2/repository/org/junit/jupiter/junit-jupiter-engine/5.8.1/junit-jupiter-engine-5.8.1.jar:/Users/titie/.m2/repository/org/junit/platform/junit-platform-engine/1.8.1/junit-platform-engine-1.8.1.jar:/Users/titie/.m2/repository/org/mockito/mockito-core/4.0.0/mockito-core-4.0.0.jar:/Users/titie/.m2/repository/net/bytebuddy/byte-buddy/1.11.22/byte-buddy-1.11.22.jar:/Users/titie/.m2/repository/net/bytebuddy/byte-buddy-agent/1.11.22/byte-buddy-agent-1.11.22.jar:/Users/titie/.m2/repository/org/objenesis/objenesis/3.2/objenesis-3.2.jar:/Users/titie/.m2/repository/org/mockito/mockito-junit-jupiter/4.0.0/mockito-junit-jupiter-4.0.0.jar:/Users/titie/.m2/repository/org/skyscreamer/jsonassert/1.5.0/jsonassert-1.5.0.jar:/Users/titie/.m2/repository/com/vaadin/external/google/android-json/0.0.20131108.vaadin1/android-json-0.0.20131108.vaadin1.jar:/Users/titie/.m2/repository/org/springframework/spring-core/5.3.13/spring-core-5.3.13.jar:/Users/titie/.m2/repository/org/springframework/spring-test/5.3.13/spring-test-5.3.13.jar:/Users/titie/.m2/repository/org/xmlunit/xmlunit-core/2.8.3/xmlunit-core-2.8.3.jar:/Users/titie/.m2/repository/com/google/cloud/google-cloud-language/1.25.0/google-cloud-language-1.25.0.jar:/Users/titie/.m2/repository/com/google/cloud/google-cloud-core/1.25.0/google-cloud-core-1.25.0.jar:/Users/titie/.m2/repository/com/google/guava/guava/20.0/guava-20.0.jar:/Users/titie/.m2/repository/joda-time/joda-time/2.9.2/joda-time-2.9.2.jar:/Users/titie/.m2/repository/com/google/api/api-common/1.5.0/api-common-1.5.0.jar:/Users/titie/.m2/repository/com/google/api/gax/1.23.0/gax-1.23.0.jar:/Users/titie/.m2/repository/org/threeten/threetenbp/1.3.3/threetenbp-1.3.3.jar:/Users/titie/.m2/repository/com/google/auth/google-auth-library-oauth2-http/0.9.0/google-auth-library-oauth2-http-0.9.0.jar:/Users/titie/.m2/repository/com/google/protobuf/protobuf-java-util/3.5.1/protobuf-java-util-3.5.1.jar:/Users/titie/.m2/repository/com/google/code/gson/gson/2.8.9/gson-2.8.9.jar:/Users/titie/.m2/repository/com/google/api/grpc/proto-google-common-protos/1.7.0/proto-google-common-protos-1.7.0.jar:/Users/titie/.m2/repository/com/google/api/grpc/proto-google-iam-v1/0.8.0/proto-google-iam-v1-0.8.0.jar:/Users/titie/.m2/repository/com/google/cloud/google-cloud-core-grpc/1.25.0/google-cloud-core-grpc-1.25.0.jar:/Users/titie/.m2/repository/com/google/auth/google-auth-library-credentials/0.9.0/google-auth-library-credentials-0.9.0.jar:/Users/titie/.m2/repository/com/google/protobuf/protobuf-java/3.5.1/protobuf-java-3.5.1.jar:/Users/titie/.m2/repository/io/grpc/grpc-protobuf/1.10.1/grpc-protobuf-1.10.1.jar:/Users/titie/.m2/repository/io/grpc/grpc-protobuf-lite/1.10.1/grpc-protobuf-lite-1.10.1.jar:/Users/titie/.m2/repository/io/grpc/grpc-context/1.10.1/grpc-context-1.10.1.jar:/Users/titie/.m2/repository/com/google/api/gax-grpc/1.23.0/gax-grpc-1.23.0.jar:/Users/titie/.m2/repository/com/google/api/grpc/proto-google-cloud-language-v1/1.7.0/proto-google-cloud-language-v1-1.7.0.jar:/Users/titie/.m2/repository/com/google/api/grpc/proto-google-cloud-language-v1beta2/0.8.0/proto-google-cloud-language-v1beta2-0.8.0.jar:/Users/titie/.m2/repository/io/grpc/grpc-netty-shaded/1.10.1/grpc-netty-shaded-1.10.1.jar:/Users/titie/.m2/repository/io/grpc/grpc-core/1.10.1/grpc-core-1.10.1.jar:/Users/titie/.m2/repository/com/google/errorprone/error_prone_annotations/2.1.2/error_prone_annotations-2.1.2.jar:/Users/titie/.m2/repository/io/opencensus/opencensus-api/0.11.0/opencensus-api-0.11.0.jar:/Users/titie/.m2/repository/io/opencensus/opencensus-contrib-grpc-metrics/0.11.0/opencensus-contrib-grpc-metrics-0.11.0.jar:/Users/titie/.m2/repository/io/grpc/grpc-stub/1.10.1/grpc-stub-1.10.1.jar:/Users/titie/.m2/repository/io/grpc/grpc-auth/1.10.1/grpc-auth-1.10.1.jar:/Users/titie/.m2/repository/org/json/json/20211205/json-20211205.jar:/Users/titie/.m2/repository/com/google/apis/google-api-services-storage/v1-rev82-1.22.0/google-api-services-storage-v1-rev82-1.22.0.jar:/Users/titie/.m2/repository/com/google/api-client/google-api-client/1.22.0/google-api-client-1.22.0.jar:/Users/titie/.m2/repository/com/google/oauth-client/google-oauth-client/1.22.0/google-oauth-client-1.22.0.jar:/Users/titie/.m2/repository/com/google/http-client/google-http-client-jackson2/1.22.0/google-http-client-jackson2-1.22.0.jar:/Users/titie/.m2/repository/com/google/guava/guava-jdk5/17.0/guava-jdk5-17.0.jar:/Users/titie/.m2/repository/com/google/http-client/google-http-client/1.25.0/google-http-client-1.25.0.jar:/Users/titie/.m2/repository/com/google/code/findbugs/jsr305/3.0.2/jsr305-3.0.2.jar:/Users/titie/.m2/repository/org/apache/httpcomponents/httpclient/4.5.13/httpclient-4.5.13.jar:/Users/titie/.m2/repository/org/apache/httpcomponents/httpcore/4.4.14/httpcore-4.4.14.jar:/Users/titie/.m2/repository/commons-codec/commons-codec/1.15/commons-codec-1.15.jar:/Users/titie/.m2/repository/com/google/j2objc/j2objc-annotations/1.1/j2objc-annotations-1.1.jar:"/>
    <property name="sun.cpu.endian" value="little"/>
    <property name="user.home" value="/Users/titie"/>
    <property name="user.language" value="en"/>
    <property name="java.specification.vendor" value="Oracle Corporation"/>
    <property name="java.version.date" value="2021-10-19"/>
    <property name="java.home" value="/usr/local/Cellar/openjdk/17.0.1_1/libexec/openjdk.jdk/Contents/Home"/>
    <property name="file.separator" value="/"/>
    <property name="basedir" value="/Users/titie/Desktop/backend"/>
    <property name="java.vm.compressedOopsMode" value="Zero based"/>
    <property name="line.separator" value="&#10;"/>
    <property name="java.vm.specification.vendor" value="Oracle Corporation"/>
    <property name="java.specification.name" value="Java Platform API Specification"/>
    <property name="surefire.real.class.path" value="/Users/titie/Desktop/backend/target/surefire/surefirebooter8712212411124651638.jar"/>
    <property name="sun.management.compiler" value="HotSpot 64-Bit Tiered Compilers"/>
    <property name="java.runtime.version" value="17.0.1+1"/>
    <property name="user.name" value="titie"/>
    <property name="path.separator" value=":"/>
    <property name="os.version" value="10.15.7"/>
    <property name="java.runtime.name" value="OpenJDK Runtime Environment"/>
    <property name="file.encoding" value="UTF-8"/>
    <property name="java.vm.name" value="OpenJDK 64-Bit Server VM"/>
    <property name="java.vendor.version" value="Homebrew"/>
    <property name="localRepository" value="/Users/titie/.m2/repository"/>
    <property name="java.vendor.url.bug" value="https://github.com/Homebrew/homebrew-core/issues"/>
    <property name="java.io.tmpdir" value="/var/folders/f9/z5r2_cf52bq6tsgdybvs_sfm0000gn/T/"/>
    <property name="java.version" value="17.0.1"/>
    <property name="user.dir" value="/Users/titie/Desktop/backend"/>
    <property name="os.arch" value="x86_64"/>
    <property name="java.vm.specification.name" value="Java Virtual Machine Specification"/>
    <property name="native.encoding" value="UTF-8"/>
    <property name="java.library.path" value="/Users/titie/Library/Java/Extensions:/Library/Java/Extensions:/Network/Library/Java/Extensions:/System/Library/Java/Extensions:/usr/lib/java:."/>
    <property name="java.vm.info" value="mixed mode, sharing"/>
    <property name="java.vendor" value="Homebrew"/>
    <property name="java.vm.version" value="17.0.1+1"/>
    <property name="sun.io.unicode.encoding" value="UnicodeBig"/>
    <property name="java.class.version" value="61.0"/>
  </properties>
  <testcase name="contextLoads" classname="BackendApplicationTests" time="0.049"/>
</testsuite>